Using pre-set license
Built from '2021.1/staging' branch; Version is '2021.1.2f1 (e5d502d80fbb) revision 15062274'; Using compiler version '192528614'; Build Type 'Release'
OS: 'Windows 10 Home Single Language; OS build 19044.1706; Version 2009; 64bit' Language: 'pt' Physical Memory: 8097 MB
BatchMode: 1, IsHumanControllingUs: 0, StartBugReporterOnCrash: 0, Is64bit: 1, IsPro: 0

 COMMAND LINE ARGUMENTS:
C:\Program Files\Unity\Hub\Editor\2021.1.2f1\Editor\Unity.exe
-adb2
-batchMode
-noUpm
-name
AssetImportWorker0
-projectPath
C:/Users/pedro/Desktop/Unity/Brick Breaker
-logFile
Logs/AssetImportWorker0.log
-srvPort
50662
Successfully changed project path to: C:/Users/pedro/Desktop/Unity/Brick Breaker
C:/Users/pedro/Desktop/Unity/Brick Breaker
Using Asset Import Pipeline V2.
Refreshing native plugins compatible for Editor in 183.96 ms, found 2 plugins.
Preloading 0 native plugins for Editor in 0.00 ms.
Initialize engine version: 2021.1.2f1 (e5d502d80fbb)
[Subsystems] Discovering subsystems at path C:/Program Files/Unity/Hub/Editor/2021.1.2f1/Editor/Data/Resources/UnitySubsystems
[Subsystems] Discovering subsystems at path C:/Users/pedro/Desktop/Unity/Brick Breaker/Assets
GfxDevice: creating device client; threaded=0; jobified=0
Direct3D:
    Version:  Direct3D 11.0 [level 11.1]
    Renderer: Intel(R) HD Graphics 520 (ID=0x1916)
    Vendor:   Intel
    VRAM:     4048 MB
    Driver:   23.20.16.4973
Initialize mono
Mono path[0] = 'C:/Program Files/Unity/Hub/Editor/2021.1.2f1/Editor/Data/Managed'
Mono path[1] = 'C:/Program Files/Unity/Hub/Editor/2021.1.2f1/Editor/Data/MonoBleedingEdge/lib/mono/unityjit'
Mono config path = 'C:/Program Files/Unity/Hub/Editor/2021.1.2f1/Editor/Data/MonoBleedingEdge/etc'
Using monoOptions --debugger-agent=transport=dt_socket,embedding=1,server=y,suspend=n,address=127.0.0.1:56072
Begin MonoManager ReloadAssembly
Registering precompiled unity dll's ...
Register platform support module: C:/Program Files/Unity/Hub/Editor/2021.1.2f1/Editor/Data/PlaybackEngines/WindowsStandaloneSupport/UnityEditor.WindowsStandalone.Extensions.dll
Registered in 0.003313 seconds.
Native extension for WindowsStandalone target not found
Refreshing native plugins compatible for Editor in 165.73 ms, found 2 plugins.
Preloading 0 native plugins for Editor in 0.00 ms.
Mono: successfully reloaded assembly
- Completed reload, in 13.428 seconds
Platform modules already initialized, skipping
Registering precompiled user dll's ...
Registered in 0.005748 seconds.
Begin MonoManager ReloadAssembly
Native extension for WindowsStandalone target not found
Refreshing native plugins compatible for Editor in 126.36 ms, found 2 plugins.
Preloading 0 native plugins for Editor in 0.00 ms.
Mono: successfully reloaded assembly
- Completed reload, in  1.852 seconds
Platform modules already initialized, skipping
========================================================================
Worker process is ready to serve import requests
Launched and connected shader compiler UnityShaderCompiler.exe after 8.25 seconds
Refreshing native plugins compatible for Editor in 0.73 ms, found 2 plugins.
Preloading 0 native plugins for Editor in 0.00 ms.
Unloading 3371 Unused Serialized files (Serialized files now loaded: 0)
System memory in use before: 127.9 MB.
System memory in use after: 128.0 MB.

Unloading 29 unused Assets to reduce memory usage. Loaded Objects now: 3823.
Total: 4.099500 ms (FindLiveObjects: 0.573200 ms CreateObjectMapping: 0.486700 ms MarkObjects: 2.877900 ms  DeleteObjects: 0.159700 ms)

========================================================================
Received Import Request.
  path: Assets/Scripts/GameManager.cs
  artifactKey: Guid(fa75bce1146f44e4e8eafa0f82139fa3) Importer(815301076,1909f56bfc062723c751e8b465ee728b)
Start importing Assets/Scripts/GameManager.cs using Guid(fa75bce1146f44e4e8eafa0f82139fa3) Importer(815301076,1909f56bfc062723c751e8b465ee728b)  -> (artifact id: '17d86381be0714e1027fa12d8bd40d9e') in 1.157438 seconds 
========================================================================
Received Import Request.
  Time since last request: 696.609275 seconds.
  path: Assets/Scripts/GameManager.cs
  artifactKey: Guid(fa75bce1146f44e4e8eafa0f82139fa3) Importer(815301076,1909f56bfc062723c751e8b465ee728b)
Start importing Assets/Scripts/GameManager.cs using Guid(fa75bce1146f44e4e8eafa0f82139fa3) Importer(815301076,1909f56bfc062723c751e8b465ee728b)  -> (artifact id: '42f7f5c7e5efcd041802725554e86048') in 0.027933 seconds 
========================================================================
Received Import Request.
  Time since last request: 43.418301 seconds.
  path: Assets/Scripts/GameManager.cs
  artifactKey: Guid(fa75bce1146f44e4e8eafa0f82139fa3) Importer(815301076,1909f56bfc062723c751e8b465ee728b)
Start importing Assets/Scripts/GameManager.cs using Guid(fa75bce1146f44e4e8eafa0f82139fa3) Importer(815301076,1909f56bfc062723c751e8b465ee728b)  -> (artifact id: '2f4d93e68fba11fbc3b57b6652dbae09') in 0.011741 seconds 
========================================================================
Received Import Request.
  Time since last request: 276.775211 seconds.
  path: Assets/Scripts/GameManager.cs
  artifactKey: Guid(fa75bce1146f44e4e8eafa0f82139fa3) Importer(815301076,1909f56bfc062723c751e8b465ee728b)
Start importing Assets/Scripts/GameManager.cs using Guid(fa75bce1146f44e4e8eafa0f82139fa3) Importer(815301076,1909f56bfc062723c751e8b465ee728b)  -> (artifact id: 'cae7ff663d587d2aad8b3065128721e0') in 0.009633 seconds 
========================================================================
Received Import Request.
  Time since last request: 101.937410 seconds.
  path: Assets/Scripts/GameManager.cs
  artifactKey: Guid(fa75bce1146f44e4e8eafa0f82139fa3) Importer(815301076,1909f56bfc062723c751e8b465ee728b)
Start importing Assets/Scripts/GameManager.cs using Guid(fa75bce1146f44e4e8eafa0f82139fa3) Importer(815301076,1909f56bfc062723c751e8b465ee728b)  -> (artifact id: '37265f367e8dc9e144ad12a4396ce813') in 0.007908 seconds 
========================================================================
Received Prepare
Registering precompiled user dll's ...
Registered in 0.005550 seconds.
Begin MonoManager ReloadAssembly
Native extension for WindowsStandalone target not found
Refreshing native plugins compatible for Editor in 0.84 ms, found 2 plugins.
Preloading 0 native plugins for Editor in 0.00 ms.
Mono: successfully reloaded assembly
- Completed reload, in  1.750 seconds
Platform modules already initialized, skipping
Refreshing native plugins compatible for Editor in 0.77 ms, found 2 plugins.
Preloading 0 native plugins for Editor in 0.00 ms.
Unloading 3366 Unused Serialized files (Serialized files now loaded: 0)
System memory in use before: 127.9 MB.
System memory in use after: 128.0 MB.

Unloading 17 unused Assets to reduce memory usage. Loaded Objects now: 3827.
Total: 7.686800 ms (FindLiveObjects: 1.018300 ms CreateObjectMapping: 0.945300 ms MarkObjects: 5.530400 ms  DeleteObjects: 0.188700 ms)

========================================================================
Received Import Request.
  Time since last request: 144.278877 seconds.
  path: Assets/Scripts/GameManager.cs
  artifactKey: Guid(fa75bce1146f44e4e8eafa0f82139fa3) Importer(815301076,1909f56bfc062723c751e8b465ee728b)
Start importing Assets/Scripts/GameManager.cs using Guid(fa75bce1146f44e4e8eafa0f82139fa3) Importer(815301076,1909f56bfc062723c751e8b465ee728b)  -> (artifact id: 'cf280ea1b282d9b1198ab3db2bce9843') in 0.020226 seconds 
========================================================================
Received Prepare
Registering precompiled user dll's ...
Registered in 0.005771 seconds.
Begin MonoManager ReloadAssembly
Native extension for WindowsStandalone target not found
Refreshing native plugins compatible for Editor in 0.86 ms, found 2 plugins.
Preloading 0 native plugins for Editor in 0.00 ms.
Mono: successfully reloaded assembly
- Completed reload, in  1.589 seconds
Platform modules already initialized, skipping
Refreshing native plugins compatible for Editor in 0.85 ms, found 2 plugins.
Preloading 0 native plugins for Editor in 0.00 ms.
Unloading 3366 Unused Serialized files (Serialized files now loaded: 0)
System memory in use before: 127.9 MB.
System memory in use after: 128.0 MB.

Unloading 17 unused Assets to reduce memory usage. Loaded Objects now: 3831.
Total: 4.854200 ms (FindLiveObjects: 0.560800 ms CreateObjectMapping: 0.419300 ms MarkObjects: 3.669500 ms  DeleteObjects: 0.202600 ms)

========================================================================
Received Import Request.
  Time since last request: 285.921307 seconds.
  path: Assets/Scenes/Level1.unity
  artifactKey: Guid(2522fc2af70b25a4c85fb889108a8e71) Importer(815301076,1909f56bfc062723c751e8b465ee728b)
Start importing Assets/Scenes/Level1.unity using Guid(2522fc2af70b25a4c85fb889108a8e71) Importer(815301076,1909f56bfc062723c751e8b465ee728b)  -> (artifact id: '81d10813be34d777cba527874927d4c4') in 0.044127 seconds 
========================================================================
Received Prepare
Registering precompiled user dll's ...
Registered in 0.005561 seconds.
Begin MonoManager ReloadAssembly
Native extension for WindowsStandalone target not found
Refreshing native plugins compatible for Editor in 0.80 ms, found 2 plugins.
Preloading 0 native plugins for Editor in 0.00 ms.
Mono: successfully reloaded assembly
- Completed reload, in  1.591 seconds
Platform modules already initialized, skipping
Refreshing native plugins compatible for Editor in 3.00 ms, found 2 plugins.
Preloading 0 native plugins for Editor in 0.00 ms.
Unloading 3366 Unused Serialized files (Serialized files now loaded: 0)
System memory in use before: 128.0 MB.
System memory in use after: 128.1 MB.

Unloading 17 unused Assets to reduce memory usage. Loaded Objects now: 3835.
Total: 21.437300 ms (FindLiveObjects: 0.427600 ms CreateObjectMapping: 0.402300 ms MarkObjects: 19.827200 ms  DeleteObjects: 0.778300 ms)

========================================================================
Received Prepare
Registering precompiled user dll's ...
Registered in 0.007455 seconds.
Begin MonoManager ReloadAssembly
Native extension for WindowsStandalone target not found
Refreshing native plugins compatible for Editor in 0.78 ms, found 2 plugins.
Preloading 0 native plugins for Editor in 0.00 ms.
Mono: successfully reloaded assembly
- Completed reload, in  2.511 seconds
Platform modules already initialized, skipping
Refreshing native plugins compatible for Editor in 0.89 ms, found 2 plugins.
Preloading 0 native plugins for Editor in 0.00 ms.
Unloading 3366 Unused Serialized files (Serialized files now loaded: 0)
System memory in use before: 128.0 MB.
System memory in use after: 128.1 MB.

Unloading 17 unused Assets to reduce memory usage. Loaded Objects now: 3839.
Total: 3.704500 ms (FindLiveObjects: 0.390800 ms CreateObjectMapping: 0.321900 ms MarkObjects: 2.846100 ms  DeleteObjects: 0.144200 ms)

AssetImportWorkerClient::OnTransportError - code=2 error=End of file
